[debug] [2022-11-06T13:49:02.360Z] ----------------------------------------------------------------------
[debug] [2022-11-06T13:49:02.362Z] Command:       C:\Program Files\nodejs\node.exe C:\Users\Admin\AppData\Roaming\npm\node_modules\firebase-tools\lib\bin\firebase.js init
[debug] [2022-11-06T13:49:02.363Z] CLI Version:   11.16.0
[debug] [2022-11-06T13:49:02.363Z] Platform:      win32
[debug] [2022-11-06T13:49:02.363Z] Node Version:  v16.15.1
[debug] [2022-11-06T13:49:02.364Z] Time:          Sun Nov 06 2022 19:49:02 GMT+0600 (Bangladesh Standard Time)
[debug] [2022-11-06T13:49:02.365Z] ----------------------------------------------------------------------
[debug] 
[debug] [2022-11-06T13:49:02.374Z] > command requires scopes: ["email","openid","https://www.googleapis.com/auth/cloudplatformprojects.readonly","https://www.googleapis.com/auth/firebase","https://www.googleapis.com/auth/cloud-platform"]
[debug] [2022-11-06T13:49:02.375Z] > authorizing via signed-in user (faforhad450@gmail.com)
[info] 
     ######## #### ########  ######## ########     ###     ######  ########
     ##        ##  ##     ## ##       ##     ##  ##   ##  ##       ##
     ######    ##  ########  ######   ########  #########  ######  ######
     ##        ##  ##    ##  ##       ##     ## ##     ##       ## ##
     ##       #### ##     ## ######## ########  ##     ##  ######  ########

You're about to initialize a Firebase project in this directory:

  C:\Projects\prectice-for-assignment-11-clint

Before we get started, keep in mind:

  * You are currently outside your home directory

